Analysis & Elaboration report for ALU
Mon May 06 13:12:54 2024
Quartus Prime Version 20.1.1 Build 720 11/11/2020 SJ Lite Edition


---------------------
; Table of Contents ;
---------------------
  1. Legal Notice
  2. Analysis & Elaboration Summary
  3. Parallel Compilation
  4. Parameter Settings for User Entity Instance: sub:subtractor|inversor:inverter|nand_d:loop[0].nand_inst
  5. Parameter Settings for User Entity Instance: sub:subtractor|inversor:inverter|nand_d:loop[1].nand_inst
  6. Parameter Settings for User Entity Instance: sub:subtractor|inversor:inverter|nand_d:loop[2].nand_inst
  7. Parameter Settings for User Entity Instance: sub:subtractor|inversor:inverter|nand_d:loop[3].nand_inst
  8. Parameter Settings for User Entity Instance: sub:subtractor|inversor:inverter2|nand_d:loop[0].nand_inst
  9. Parameter Settings for User Entity Instance: sub:subtractor|inversor:inverter2|nand_d:loop[1].nand_inst
 10. Parameter Settings for User Entity Instance: sub:subtractor|inversor:inverter2|nand_d:loop[2].nand_inst
 11. Parameter Settings for User Entity Instance: sub:subtractor|inversor:inverter2|nand_d:loop[3].nand_inst
 12. Analysis & Elaboration Settings
 13. Port Connectivity Checks: "sub:subtractor|inversor:inverter2"
 14. Port Connectivity Checks: "sub:subtractor|inversor:inverter|add:misumador"
 15. Port Connectivity Checks: "sub:subtractor|inversor:inverter|nand_d:loop[3].nand_inst"
 16. Port Connectivity Checks: "sub:subtractor|inversor:inverter|nand_d:loop[2].nand_inst"
 17. Port Connectivity Checks: "sub:subtractor|inversor:inverter|nand_d:loop[1].nand_inst"
 18. Port Connectivity Checks: "sub:subtractor|inversor:inverter|nand_d:loop[0].nand_inst"
 19. Port Connectivity Checks: "sub:subtractor|inversor:inverter"
 20. Port Connectivity Checks: "add:adder|add1bit:forloop[0].misumador"
 21. Analysis & Elaboration Messages



----------------
; Legal Notice ;
----------------
Copyright (C) 2020  Intel Corporation. All rights reserved.
Your use of Intel Corporation's design tools, logic functions 
and other software and tools, and any partner logic 
functions, and any output files from any of the foregoing 
(including device programming or simulation files), and any 
associated documentation or information are expressly subject 
to the terms and conditions of the Intel Program License 
Subscription Agreement, the Intel Quartus Prime License Agreement,
the Intel FPGA IP License Agreement, or other applicable license
agreement, including, without limitation, that your use is for
the sole purpose of programming logic devices manufactured by
Intel and sold by Intel or its authorized distributors.  Please
refer to the applicable agreement for further details, at
https://fpgasoftware.intel.com/eula.



+-----------------------------------------------------------------------------+
; Analysis & Elaboration Summary                                              ;
+-------------------------------+---------------------------------------------+
; Analysis & Elaboration Status ; Successful - Mon May 06 13:12:54 2024       ;
; Quartus Prime Version         ; 20.1.1 Build 720 11/11/2020 SJ Lite Edition ;
; Revision Name                 ; ALU                                         ;
; Top-level Entity Name         ; ALU                                         ;
; Family                        ; Cyclone V                                   ;
; Logic utilization (in ALMs)   ; N/A until Partition Merge                   ;
; Total registers               ; N/A until Partition Merge                   ;
; Total pins                    ; N/A until Partition Merge                   ;
; Total virtual pins            ; N/A until Partition Merge                   ;
; Total block memory bits       ; N/A until Partition Merge                   ;
; Total PLLs                    ; N/A until Partition Merge                   ;
; Total DLLs                    ; N/A until Partition Merge                   ;
+-------------------------------+---------------------------------------------+


+------------------------------------------+
; Parallel Compilation                     ;
+----------------------------+-------------+
; Processors                 ; Number      ;
+----------------------------+-------------+
; Number detected on machine ; 20          ;
; Maximum allowed            ; 14          ;
;                            ;             ;
; Average used               ; 1.00        ;
; Maximum used               ; 1           ;
;                            ;             ;
; Usage by Processor         ; % Time Used ;
;     Processor 1            ; 100.0%      ;
+----------------------------+-------------+


+--------------------------------------------------------------------------------------------------------+
; Parameter Settings for User Entity Instance: sub:subtractor|inversor:inverter|nand_d:loop[0].nand_inst ;
+----------------+-------+-------------------------------------------------------------------------------+
; Parameter Name ; Value ; Type                                                                          ;
+----------------+-------+-------------------------------------------------------------------------------+
; WIDTH          ; 2     ; Signed Integer                                                                ;
+----------------+-------+-------------------------------------------------------------------------------+
Note: In order to hide this table in the UI and the text report file, please set the "Show Parameter Settings in Synthesis Report" option in "Analysis and Synthesis Settings -> More Settings" to "Off".


+--------------------------------------------------------------------------------------------------------+
; Parameter Settings for User Entity Instance: sub:subtractor|inversor:inverter|nand_d:loop[1].nand_inst ;
+----------------+-------+-------------------------------------------------------------------------------+
; Parameter Name ; Value ; Type                                                                          ;
+----------------+-------+-------------------------------------------------------------------------------+
; WIDTH          ; 2     ; Signed Integer                                                                ;
+----------------+-------+-------------------------------------------------------------------------------+
Note: In order to hide this table in the UI and the text report file, please set the "Show Parameter Settings in Synthesis Report" option in "Analysis and Synthesis Settings -> More Settings" to "Off".


+--------------------------------------------------------------------------------------------------------+
; Parameter Settings for User Entity Instance: sub:subtractor|inversor:inverter|nand_d:loop[2].nand_inst ;
+----------------+-------+-------------------------------------------------------------------------------+
; Parameter Name ; Value ; Type                                                                          ;
+----------------+-------+-------------------------------------------------------------------------------+
; WIDTH          ; 2     ; Signed Integer                                                                ;
+----------------+-------+-------------------------------------------------------------------------------+
Note: In order to hide this table in the UI and the text report file, please set the "Show Parameter Settings in Synthesis Report" option in "Analysis and Synthesis Settings -> More Settings" to "Off".


+--------------------------------------------------------------------------------------------------------+
; Parameter Settings for User Entity Instance: sub:subtractor|inversor:inverter|nand_d:loop[3].nand_inst ;
+----------------+-------+-------------------------------------------------------------------------------+
; Parameter Name ; Value ; Type                                                                          ;
+----------------+-------+-------------------------------------------------------------------------------+
; WIDTH          ; 2     ; Signed Integer                                                                ;
+----------------+-------+-------------------------------------------------------------------------------+
Note: In order to hide this table in the UI and the text report file, please set the "Show Parameter Settings in Synthesis Report" option in "Analysis and Synthesis Settings -> More Settings" to "Off".


+---------------------------------------------------------------------------------------------------------+
; Parameter Settings for User Entity Instance: sub:subtractor|inversor:inverter2|nand_d:loop[0].nand_inst ;
+----------------+-------+--------------------------------------------------------------------------------+
; Parameter Name ; Value ; Type                                                                           ;
+----------------+-------+--------------------------------------------------------------------------------+
; WIDTH          ; 2     ; Signed Integer                                                                 ;
+----------------+-------+--------------------------------------------------------------------------------+
Note: In order to hide this table in the UI and the text report file, please set the "Show Parameter Settings in Synthesis Report" option in "Analysis and Synthesis Settings -> More Settings" to "Off".


+---------------------------------------------------------------------------------------------------------+
; Parameter Settings for User Entity Instance: sub:subtractor|inversor:inverter2|nand_d:loop[1].nand_inst ;
+----------------+-------+--------------------------------------------------------------------------------+
; Parameter Name ; Value ; Type                                                                           ;
+----------------+-------+--------------------------------------------------------------------------------+
; WIDTH          ; 2     ; Signed Integer                                                                 ;
+----------------+-------+--------------------------------------------------------------------------------+
Note: In order to hide this table in the UI and the text report file, please set the "Show Parameter Settings in Synthesis Report" option in "Analysis and Synthesis Settings -> More Settings" to "Off".


+---------------------------------------------------------------------------------------------------------+
; Parameter Settings for User Entity Instance: sub:subtractor|inversor:inverter2|nand_d:loop[2].nand_inst ;
+----------------+-------+--------------------------------------------------------------------------------+
; Parameter Name ; Value ; Type                                                                           ;
+----------------+-------+--------------------------------------------------------------------------------+
; WIDTH          ; 2     ; Signed Integer                                                                 ;
+----------------+-------+--------------------------------------------------------------------------------+
Note: In order to hide this table in the UI and the text report file, please set the "Show Parameter Settings in Synthesis Report" option in "Analysis and Synthesis Settings -> More Settings" to "Off".


+---------------------------------------------------------------------------------------------------------+
; Parameter Settings for User Entity Instance: sub:subtractor|inversor:inverter2|nand_d:loop[3].nand_inst ;
+----------------+-------+--------------------------------------------------------------------------------+
; Parameter Name ; Value ; Type                                                                           ;
+----------------+-------+--------------------------------------------------------------------------------+
; WIDTH          ; 2     ; Signed Integer                                                                 ;
+----------------+-------+--------------------------------------------------------------------------------+
Note: In order to hide this table in the UI and the text report file, please set the "Show Parameter Settings in Synthesis Report" option in "Analysis and Synthesis Settings -> More Settings" to "Off".


+---------------------------------------------------------------------------------------------------------------------------+
; Analysis & Elaboration Settings                                                                                           ;
+---------------------------------------------------------------------------------+--------------------+--------------------+
; Option                                                                          ; Setting            ; Default Value      ;
+---------------------------------------------------------------------------------+--------------------+--------------------+
; Device                                                                          ; 5CSEMA5F31C6       ;                    ;
; Top-level entity name                                                           ; ALU                ; ALU                ;
; Family name                                                                     ; Cyclone V          ; Cyclone V          ;
; Use smart compilation                                                           ; Off                ; Off                ;
; Enable parallel Assembler and Timing Analyzer during compilation                ; On                 ; On                 ;
; Enable compact report table                                                     ; Off                ; Off                ;
; Restructure Multiplexers                                                        ; Auto               ; Auto               ;
; MLAB Add Timing Constraints For Mixed-Port Feed-Through Mode Setting Don't Care ; Off                ; Off                ;
; Create Debugging Nodes for IP Cores                                             ; Off                ; Off                ;
; Preserve fewer node names                                                       ; On                 ; On                 ;
; Intel FPGA IP Evaluation Mode                                                   ; Enable             ; Enable             ;
; Verilog Version                                                                 ; Verilog_2001       ; Verilog_2001       ;
; VHDL Version                                                                    ; VHDL_1993          ; VHDL_1993          ;
; State Machine Processing                                                        ; Auto               ; Auto               ;
; Safe State Machine                                                              ; Off                ; Off                ;
; Extract Verilog State Machines                                                  ; On                 ; On                 ;
; Extract VHDL State Machines                                                     ; On                 ; On                 ;
; Ignore Verilog initial constructs                                               ; Off                ; Off                ;
; Iteration limit for constant Verilog loops                                      ; 5000               ; 5000               ;
; Iteration limit for non-constant Verilog loops                                  ; 250                ; 250                ;
; Add Pass-Through Logic to Inferred RAMs                                         ; On                 ; On                 ;
; Infer RAMs from Raw Logic                                                       ; On                 ; On                 ;
; Parallel Synthesis                                                              ; On                 ; On                 ;
; DSP Block Balancing                                                             ; Auto               ; Auto               ;
; NOT Gate Push-Back                                                              ; On                 ; On                 ;
; Power-Up Don't Care                                                             ; On                 ; On                 ;
; Remove Redundant Logic Cells                                                    ; Off                ; Off                ;
; Remove Duplicate Registers                                                      ; On                 ; On                 ;
; Ignore CARRY Buffers                                                            ; Off                ; Off                ;
; Ignore CASCADE Buffers                                                          ; Off                ; Off                ;
; Ignore GLOBAL Buffers                                                           ; Off                ; Off                ;
; Ignore ROW GLOBAL Buffers                                                       ; Off                ; Off                ;
; Ignore LCELL Buffers                                                            ; Off                ; Off                ;
; Ignore SOFT Buffers                                                             ; On                 ; On                 ;
; Limit AHDL Integers to 32 Bits                                                  ; Off                ; Off                ;
; Optimization Technique                                                          ; Balanced           ; Balanced           ;
; Carry Chain Length                                                              ; 70                 ; 70                 ;
; Auto Carry Chains                                                               ; On                 ; On                 ;
; Auto Open-Drain Pins                                                            ; On                 ; On                 ;
; Perform WYSIWYG Primitive Resynthesis                                           ; Off                ; Off                ;
; Auto ROM Replacement                                                            ; On                 ; On                 ;
; Auto RAM Replacement                                                            ; On                 ; On                 ;
; Auto DSP Block Replacement                                                      ; On                 ; On                 ;
; Auto Shift Register Replacement                                                 ; Auto               ; Auto               ;
; Allow Shift Register Merging across Hierarchies                                 ; Auto               ; Auto               ;
; Auto Clock Enable Replacement                                                   ; On                 ; On                 ;
; Strict RAM Replacement                                                          ; Off                ; Off                ;
; Allow Synchronous Control Signals                                               ; On                 ; On                 ;
; Force Use of Synchronous Clear Signals                                          ; Off                ; Off                ;
; Auto Resource Sharing                                                           ; Off                ; Off                ;
; Allow Any RAM Size For Recognition                                              ; Off                ; Off                ;
; Allow Any ROM Size For Recognition                                              ; Off                ; Off                ;
; Allow Any Shift Register Size For Recognition                                   ; Off                ; Off                ;
; Use LogicLock Constraints during Resource Balancing                             ; On                 ; On                 ;
; Ignore translate_off and synthesis_off directives                               ; Off                ; Off                ;
; Timing-Driven Synthesis                                                         ; On                 ; On                 ;
; Report Parameter Settings                                                       ; On                 ; On                 ;
; Report Source Assignments                                                       ; On                 ; On                 ;
; Report Connectivity Checks                                                      ; On                 ; On                 ;
; Ignore Maximum Fan-Out Assignments                                              ; Off                ; Off                ;
; Synchronization Register Chain Length                                           ; 3                  ; 3                  ;
; Power Optimization During Synthesis                                             ; Normal compilation ; Normal compilation ;
; HDL message level                                                               ; Level2             ; Level2             ;
; Suppress Register Optimization Related Messages                                 ; Off                ; Off                ;
; Number of Removed Registers Reported in Synthesis Report                        ; 5000               ; 5000               ;
; Number of Swept Nodes Reported in Synthesis Report                              ; 5000               ; 5000               ;
; Number of Inverted Registers Reported in Synthesis Report                       ; 100                ; 100                ;
; Clock MUX Protection                                                            ; On                 ; On                 ;
; Auto Gated Clock Conversion                                                     ; Off                ; Off                ;
; Block Design Naming                                                             ; Auto               ; Auto               ;
; SDC constraint protection                                                       ; Off                ; Off                ;
; Synthesis Effort                                                                ; Auto               ; Auto               ;
; Shift Register Replacement - Allow Asynchronous Clear Signal                    ; On                 ; On                 ;
; Pre-Mapping Resynthesis Optimization                                            ; Off                ; Off                ;
; Analysis & Synthesis Message Level                                              ; Medium             ; Medium             ;
; Disable Register Merging Across Hierarchies                                     ; Auto               ; Auto               ;
; Resource Aware Inference For Block RAM                                          ; On                 ; On                 ;
; Automatic Parallel Synthesis                                                    ; On                 ; On                 ;
; Partial Reconfiguration Bitstream ID                                            ; Off                ; Off                ;
+---------------------------------------------------------------------------------+--------------------+--------------------+


+---------------------------------------------------------------------------------------------------------------------------------------------------+
; Port Connectivity Checks: "sub:subtractor|inversor:inverter2"                                                                                     ;
+------+--------+----------+------------------------------------------------------------------------------------------------------------------------+
; Port ; Type   ; Severity ; Details                                                                                                                ;
+------+--------+----------+------------------------------------------------------------------------------------------------------------------------+
; out  ; Output ; Warning  ; Output or bidir port (5 bits) is wider than the port expression (4 bits) it drives; bit(s) "out[4..4]" have no fanouts ;
+------+--------+----------+------------------------------------------------------------------------------------------------------------------------+


+----------------------------------------------------------------------------------------------------------------------+
; Port Connectivity Checks: "sub:subtractor|inversor:inverter|add:misumador"                                           ;
+------------+--------+----------+-------------------------------------------------------------------------------------+
; Port       ; Type   ; Severity ; Details                                                                             ;
+------------+--------+----------+-------------------------------------------------------------------------------------+
; num2[3..1] ; Input  ; Info     ; Stuck at GND                                                                        ;
; num2[0]    ; Input  ; Info     ; Stuck at VCC                                                                        ;
; Cout       ; Output ; Info     ; Connected to dangling logic. Logic that only feeds a dangling port will be removed. ;
+------------+--------+----------+-------------------------------------------------------------------------------------+


+----------------------------------------------------------------------------------------------------------------------------------------------------------------------+
; Port Connectivity Checks: "sub:subtractor|inversor:inverter|nand_d:loop[3].nand_inst"                                                                                ;
+------+--------+----------+-------------------------------------------------------------------------------------------------------------------------------------------+
; Port ; Type   ; Severity ; Details                                                                                                                                   ;
+------+--------+----------+-------------------------------------------------------------------------------------------------------------------------------------------+
; a    ; Input  ; Warning  ; Input port expression (1 bits) is smaller than the input port (2 bits) it drives.  Extra input bit(s) "a[1..1]" will be connected to GND. ;
; b    ; Input  ; Warning  ; Input port expression (1 bits) is smaller than the input port (2 bits) it drives.  Extra input bit(s) "b[1..1]" will be connected to GND. ;
; b    ; Input  ; Info     ; Stuck at VCC                                                                                                                              ;
; y    ; Output ; Warning  ; Output or bidir port (2 bits) is wider than the port expression (1 bits) it drives; bit(s) "y[1..1]" have no fanouts                      ;
+------+--------+----------+-------------------------------------------------------------------------------------------------------------------------------------------+


+----------------------------------------------------------------------------------------------------------------------------------------------------------------------+
; Port Connectivity Checks: "sub:subtractor|inversor:inverter|nand_d:loop[2].nand_inst"                                                                                ;
+------+--------+----------+-------------------------------------------------------------------------------------------------------------------------------------------+
; Port ; Type   ; Severity ; Details                                                                                                                                   ;
+------+--------+----------+-------------------------------------------------------------------------------------------------------------------------------------------+
; a    ; Input  ; Warning  ; Input port expression (1 bits) is smaller than the input port (2 bits) it drives.  Extra input bit(s) "a[1..1]" will be connected to GND. ;
; b    ; Input  ; Warning  ; Input port expression (1 bits) is smaller than the input port (2 bits) it drives.  Extra input bit(s) "b[1..1]" will be connected to GND. ;
; b    ; Input  ; Info     ; Stuck at VCC                                                                                                                              ;
; y    ; Output ; Warning  ; Output or bidir port (2 bits) is wider than the port expression (1 bits) it drives; bit(s) "y[1..1]" have no fanouts                      ;
+------+--------+----------+-------------------------------------------------------------------------------------------------------------------------------------------+


+----------------------------------------------------------------------------------------------------------------------------------------------------------------------+
; Port Connectivity Checks: "sub:subtractor|inversor:inverter|nand_d:loop[1].nand_inst"                                                                                ;
+------+--------+----------+-------------------------------------------------------------------------------------------------------------------------------------------+
; Port ; Type   ; Severity ; Details                                                                                                                                   ;
+------+--------+----------+-------------------------------------------------------------------------------------------------------------------------------------------+
; a    ; Input  ; Warning  ; Input port expression (1 bits) is smaller than the input port (2 bits) it drives.  Extra input bit(s) "a[1..1]" will be connected to GND. ;
; b    ; Input  ; Warning  ; Input port expression (1 bits) is smaller than the input port (2 bits) it drives.  Extra input bit(s) "b[1..1]" will be connected to GND. ;
; b    ; Input  ; Info     ; Stuck at VCC                                                                                                                              ;
; y    ; Output ; Warning  ; Output or bidir port (2 bits) is wider than the port expression (1 bits) it drives; bit(s) "y[1..1]" have no fanouts                      ;
+------+--------+----------+-------------------------------------------------------------------------------------------------------------------------------------------+


+----------------------------------------------------------------------------------------------------------------------------------------------------------------------+
; Port Connectivity Checks: "sub:subtractor|inversor:inverter|nand_d:loop[0].nand_inst"                                                                                ;
+------+--------+----------+-------------------------------------------------------------------------------------------------------------------------------------------+
; Port ; Type   ; Severity ; Details                                                                                                                                   ;
+------+--------+----------+-------------------------------------------------------------------------------------------------------------------------------------------+
; a    ; Input  ; Warning  ; Input port expression (1 bits) is smaller than the input port (2 bits) it drives.  Extra input bit(s) "a[1..1]" will be connected to GND. ;
; b    ; Input  ; Warning  ; Input port expression (1 bits) is smaller than the input port (2 bits) it drives.  Extra input bit(s) "b[1..1]" will be connected to GND. ;
; b    ; Input  ; Info     ; Stuck at VCC                                                                                                                              ;
; y    ; Output ; Warning  ; Output or bidir port (2 bits) is wider than the port expression (1 bits) it drives; bit(s) "y[1..1]" have no fanouts                      ;
+------+--------+----------+-------------------------------------------------------------------------------------------------------------------------------------------+


+---------------------------------------------------------------------------------------------------------------------------------------------------+
; Port Connectivity Checks: "sub:subtractor|inversor:inverter"                                                                                      ;
+------+--------+----------+------------------------------------------------------------------------------------------------------------------------+
; Port ; Type   ; Severity ; Details                                                                                                                ;
+------+--------+----------+------------------------------------------------------------------------------------------------------------------------+
; out  ; Output ; Warning  ; Output or bidir port (5 bits) is wider than the port expression (4 bits) it drives; bit(s) "out[4..4]" have no fanouts ;
+------+--------+----------+------------------------------------------------------------------------------------------------------------------------+


+--------------------------------------------------------------------+
; Port Connectivity Checks: "add:adder|add1bit:forloop[0].misumador" ;
+------+-------+----------+------------------------------------------+
; Port ; Type  ; Severity ; Details                                  ;
+------+-------+----------+------------------------------------------+
; Cin  ; Input ; Info     ; Stuck at GND                             ;
+------+-------+----------+------------------------------------------+


+---------------------------------+
; Analysis & Elaboration Messages ;
+---------------------------------+
Info: *******************************************************************
Info: Running Quartus Prime Analysis & Elaboration
    Info: Version 20.1.1 Build 720 11/11/2020 SJ Lite Edition
    Info: Processing started: Mon May 06 13:12:49 2024
Info: Command: quartus_map --read_settings_files=on --write_settings_files=off ALU -c ALU --analysis_and_elaboration
Warning (18236): Number of processors has not been specified which may cause overloading on shared machines.  Set the global assignment NUM_PARALLEL_PROCESSORS in your QSF to an appropriate value for best performance.
Info (20030): Parallel compilation is enabled and will use 14 of the 14 processors detected
Info (12021): Found 1 design units, including 1 entities, in source file alu.sv
    Info (12023): Found entity 1: ALU File: C:/Users/edgar/OneDrive/Documents/Gaby/ProyectoFunda/ALU.sv Line: 1
Info (12021): Found 1 design units, including 1 entities, in source file sub.sv
    Info (12023): Found entity 1: sub File: C:/Users/edgar/OneDrive/Documents/Gaby/ProyectoFunda/sub.sv Line: 1
Info (12021): Found 1 design units, including 1 entities, in source file add.sv
    Info (12023): Found entity 1: add File: C:/Users/edgar/OneDrive/Documents/Gaby/ProyectoFunda/add.sv Line: 1
Info (12021): Found 2 design units, including 2 entities, in source file inversor.sv
    Info (12023): Found entity 1: inversor File: C:/Users/edgar/OneDrive/Documents/Gaby/ProyectoFunda/inversor.sv Line: 1
    Info (12023): Found entity 2: nand_d File: C:/Users/edgar/OneDrive/Documents/Gaby/ProyectoFunda/inversor.sv Line: 42
Info (12021): Found 1 design units, including 1 entities, in source file add1bit.sv
    Info (12023): Found entity 1: add1bit File: C:/Users/edgar/OneDrive/Documents/Gaby/ProyectoFunda/add1bit.sv Line: 1
Info (12021): Found 1 design units, including 1 entities, in source file andgate.sv
    Info (12023): Found entity 1: andGate File: C:/Users/edgar/OneDrive/Documents/Gaby/ProyectoFunda/andGate.sv Line: 1
Info (12021): Found 1 design units, including 1 entities, in source file orgate.sv
    Info (12023): Found entity 1: orGate File: C:/Users/edgar/OneDrive/Documents/Gaby/ProyectoFunda/orGate.sv Line: 1
Info (12021): Found 1 design units, including 1 entities, in source file alu_tb.sv
    Info (12023): Found entity 1: ALU_tb File: C:/Users/edgar/OneDrive/Documents/Gaby/ProyectoFunda/ALU_tb.sv Line: 1
Info (12127): Elaborating entity "ALU" for the top level hierarchy
Info (12128): Elaborating entity "add" for hierarchy "add:adder" File: C:/Users/edgar/OneDrive/Documents/Gaby/ProyectoFunda/ALU.sv Line: 20
Info (12128): Elaborating entity "add1bit" for hierarchy "add:adder|add1bit:forloop[0].misumador" File: C:/Users/edgar/OneDrive/Documents/Gaby/ProyectoFunda/add.sv Line: 10
Info (12128): Elaborating entity "sub" for hierarchy "sub:subtractor" File: C:/Users/edgar/OneDrive/Documents/Gaby/ProyectoFunda/ALU.sv Line: 21
Info (12128): Elaborating entity "inversor" for hierarchy "sub:subtractor|inversor:inverter" File: C:/Users/edgar/OneDrive/Documents/Gaby/ProyectoFunda/sub.sv Line: 11
Info (12128): Elaborating entity "nand_d" for hierarchy "sub:subtractor|inversor:inverter|nand_d:loop[0].nand_inst" File: C:/Users/edgar/OneDrive/Documents/Gaby/ProyectoFunda/inversor.sv Line: 25
Info (12128): Elaborating entity "orGate" for hierarchy "orGate:or_gate" File: C:/Users/edgar/OneDrive/Documents/Gaby/ProyectoFunda/ALU.sv Line: 22
Info (12128): Elaborating entity "andGate" for hierarchy "andGate:and_gate" File: C:/Users/edgar/OneDrive/Documents/Gaby/ProyectoFunda/ALU.sv Line: 23
Warning (12010): Port "a" on the entity instantiation of "loop[3].nand_inst" is connected to a signal of width 1. The formal width of the signal in the module is 2.  The extra bits will be driven by GND. File: C:/Users/edgar/OneDrive/Documents/Gaby/ProyectoFunda/inversor.sv Line: 25
Warning (12010): Port "b" on the entity instantiation of "loop[3].nand_inst" is connected to a signal of width 1. The formal width of the signal in the module is 2.  The extra bits will be driven by GND. File: C:/Users/edgar/OneDrive/Documents/Gaby/ProyectoFunda/inversor.sv Line: 25
Warning (12030): Port "y" on the entity instantiation of "loop[3].nand_inst" is connected to a signal of width 1. The formal width of the signal in the module is 2.  The extra bits will be left dangling without any fan-out logic. File: C:/Users/edgar/OneDrive/Documents/Gaby/ProyectoFunda/inversor.sv Line: 25
Warning (12010): Port "a" on the entity instantiation of "loop[2].nand_inst" is connected to a signal of width 1. The formal width of the signal in the module is 2.  The extra bits will be driven by GND. File: C:/Users/edgar/OneDrive/Documents/Gaby/ProyectoFunda/inversor.sv Line: 25
Warning (12010): Port "b" on the entity instantiation of "loop[2].nand_inst" is connected to a signal of width 1. The formal width of the signal in the module is 2.  The extra bits will be driven by GND. File: C:/Users/edgar/OneDrive/Documents/Gaby/ProyectoFunda/inversor.sv Line: 25
Warning (12030): Port "y" on the entity instantiation of "loop[2].nand_inst" is connected to a signal of width 1. The formal width of the signal in the module is 2.  The extra bits will be left dangling without any fan-out logic. File: C:/Users/edgar/OneDrive/Documents/Gaby/ProyectoFunda/inversor.sv Line: 25
Warning (12010): Port "a" on the entity instantiation of "loop[1].nand_inst" is connected to a signal of width 1. The formal width of the signal in the module is 2.  The extra bits will be driven by GND. File: C:/Users/edgar/OneDrive/Documents/Gaby/ProyectoFunda/inversor.sv Line: 25
Warning (12010): Port "b" on the entity instantiation of "loop[1].nand_inst" is connected to a signal of width 1. The formal width of the signal in the module is 2.  The extra bits will be driven by GND. File: C:/Users/edgar/OneDrive/Documents/Gaby/ProyectoFunda/inversor.sv Line: 25
Warning (12030): Port "y" on the entity instantiation of "loop[1].nand_inst" is connected to a signal of width 1. The formal width of the signal in the module is 2.  The extra bits will be left dangling without any fan-out logic. File: C:/Users/edgar/OneDrive/Documents/Gaby/ProyectoFunda/inversor.sv Line: 25
Warning (12010): Port "a" on the entity instantiation of "loop[0].nand_inst" is connected to a signal of width 1. The formal width of the signal in the module is 2.  The extra bits will be driven by GND. File: C:/Users/edgar/OneDrive/Documents/Gaby/ProyectoFunda/inversor.sv Line: 25
Warning (12010): Port "b" on the entity instantiation of "loop[0].nand_inst" is connected to a signal of width 1. The formal width of the signal in the module is 2.  The extra bits will be driven by GND. File: C:/Users/edgar/OneDrive/Documents/Gaby/ProyectoFunda/inversor.sv Line: 25
Warning (12030): Port "y" on the entity instantiation of "loop[0].nand_inst" is connected to a signal of width 1. The formal width of the signal in the module is 2.  The extra bits will be left dangling without any fan-out logic. File: C:/Users/edgar/OneDrive/Documents/Gaby/ProyectoFunda/inversor.sv Line: 25
Warning (12241): 6 hierarchies have connectivity warnings - see the Connectivity Checks report folder
Info: Quartus Prime Analysis & Elaboration was successful. 0 errors, 14 warnings
    Info: Peak virtual memory: 4774 megabytes
    Info: Processing ended: Mon May 06 13:12:54 2024
    Info: Elapsed time: 00:00:05
    Info: Total CPU time (on all processors): 00:00:07


